<?xml version="1.0" encoding="UTF-8"?>
<!-- Generated by org.testng.reporters.JUnitReportReporter -->
<testsuite hostname="DESKTOP-NKEQP0M" failures="0" tests="1" name="rahulshettyacademy.ErrorValidation" time="12.616" errors="0" timestamp="2023-05-28T01:34:01 IST" skipped="0">
  <testcase classname="rahulshettyacademy.ErrorValidation" name="SubmitOrderTest" time="12.616"/>
  <system-out/>
</testsuite> <!-- rahulshettyacademy.ErrorValidation -->
