<?xml version="1.0" encoding="UTF-8"?>
<!-- Generated by org.testng.reporters.JUnitReportReporter -->
<testsuite hostname="DESKTOP-NKEQP0M" failures="0" tests="3" name="rahulshettyacademy.SumitOrderTest" time="43.732" errors="0" timestamp="2023-06-17T01:22:54 IST" skipped="0">
  <testcase classname="rahulshettyacademy.SumitOrderTest" name="SubmitOrderTest" time="17.754"/>
  <system-out/>
  <testcase classname="rahulshettyacademy.SumitOrderTest" name="SubmitOrderTest" time="17.553"/>
  <system-out/>
  <testcase classname="rahulshettyacademy.SumitOrderTest" name="orderHistoryTest" time="8.425"/>
  <system-out/>
</testsuite> <!-- rahulshettyacademy.SumitOrderTest -->
