<?xml version="1.0" encoding="UTF-8"?>
<!-- Generated by org.testng.reporters.JUnitReportReporter -->
<testsuite hostname="DESKTOP-NKEQP0M" failures="0" tests="2" name="rahulshettyacademy.SumitOrderTest" time="65.879" errors="0" timestamp="2023-06-25T13:42:28 IST" skipped="0">
  <testcase classname="rahulshettyacademy.SumitOrderTest" name="SubmitOrderTest" time="38.217"/>
  <system-out/>
  <testcase classname="rahulshettyacademy.SumitOrderTest" name="SubmitOrderTest" time="27.662"/>
  <system-out/>
</testsuite> <!-- rahulshettyacademy.SumitOrderTest -->
